<?xml version="1.0" encoding="UTF-8"?>
<!-- Generated by org.testng.reporters.JUnitReportReporter -->
<testsuite skipped="0" hostname="Insomniac" name="testcase.TC_001" tests="1" failures="0" timestamp="22 Apr 2019 17:12:17 GMT" time="34.414" errors="0">
  <testcase name="testCase" time="34.414" classname="testcase.TC_001"/>
</testsuite> <!-- testcase.TC_001 -->
